TN:
SF:src/modules/animals/services/CreateAnimalService.ts
FN:10,(anonymous_18)
FN:11,CreateAnimalService
FN:16,(anonymous_20)
FNF:3
FNH:3
FNDA:4,(anonymous_18)
FNDA:10,CreateAnimalService
FNDA:9,(anonymous_20)
DA:1,4
DA:7,4
DA:10,4
DA:13,10
DA:16,4
DA:17,9
DA:18,9
DA:19,9
DA:20,9
DA:22,9
DA:23,9
DA:25,9
DA:26,1
DA:29,8
DA:36,8
DA:38,4
DA:40,4
LF:17
LH:17
BRDA:25,0,0,1
BRDA:25,0,1,8
BRF:2
BRH:2
end_of_record
TN:
SF:src/modules/animals/services/IndexAnimalsService.ts
FN:9,(anonymous_18)
FN:10,CreateAnimalService
FN:15,(anonymous_20)
FNF:3
FNH:3
FNDA:1,(anonymous_18)
FNDA:2,CreateAnimalService
FNDA:2,(anonymous_20)
DA:1,1
DA:6,1
DA:9,1
DA:12,2
DA:15,1
DA:16,2
DA:18,2
DA:19,1
DA:22,1
DA:24,1
DA:26,1
LF:11
LH:11
BRDA:16,0,0,2
BRDA:18,1,0,1
BRDA:18,1,1,1
BRF:3
BRH:3
end_of_record
TN:
SF:src/modules/animals/services/ShowAnimalsService.ts
FN:8,(anonymous_17)
FN:9,CreateAnimalService
FN:14,(anonymous_19)
FNF:3
FNH:3
FNDA:1,(anonymous_17)
FNDA:2,CreateAnimalService
FNDA:2,(anonymous_19)
DA:1,1
DA:8,1
DA:11,2
DA:14,1
DA:15,2
DA:17,1
DA:19,1
LF:7
LH:7
BRDA:15,0,0,2
BRDA:15,0,1,2
BRF:2
BRH:2
end_of_record
TN:
SF:src/modules/animals/services/UpdateAnimalService.ts
FN:17,(anonymous_18)
FN:18,UpdateAnimalService
FN:23,(anonymous_20)
FNF:3
FNH:3
FNDA:1,(anonymous_18)
FNDA:4,UpdateAnimalService
FNDA:4,(anonymous_20)
DA:1,1
DA:6,1
DA:17,1
DA:20,4
DA:23,1
DA:24,4
DA:25,4
DA:26,4
DA:27,4
DA:28,4
DA:30,4
DA:32,4
DA:33,1
DA:36,4
DA:37,2
DA:38,2
DA:40,2
DA:41,1
DA:44,1
DA:47,2
DA:48,2
DA:49,2
DA:51,4
DA:53,2
DA:55,1
DA:57,1
LF:26
LH:26
BRDA:30,0,0,4
BRDA:32,1,0,1
BRDA:32,1,1,3
BRDA:36,2,0,1
BRDA:36,2,1,2
BRDA:36,3,0,3
BRDA:36,3,1,3
BRDA:40,4,0,1
BRDA:40,4,1,1
BRF:9
BRH:9
end_of_record
